  CMscnProblems.cpp
c:\users\damian\source\projects\tep\labtep9\labtep9\cmscnproblems.cpp(130): warning C4018: '<': signed/unsigned mismatch
c:\users\damian\source\projects\tep\labtep9\labtep9\cmscnproblems.cpp(132): warning C4018: '<': signed/unsigned mismatch
c:\users\damian\source\projects\tep\labtep9\labtep9\cmscnproblems.cpp(139): warning C4018: '<': signed/unsigned mismatch
c:\users\damian\source\projects\tep\labtep9\labtep9\cmscnproblems.cpp(141): warning C4018: '<': signed/unsigned mismatch
c:\users\damian\source\projects\tep\labtep9\labtep9\cmscnproblems.cpp(148): warning C4018: '<': signed/unsigned mismatch
c:\users\damian\source\projects\tep\labtep9\labtep9\cmscnproblems.cpp(150): warning C4018: '<': signed/unsigned mismatch
c:\users\damian\source\projects\tep\labtep9\labtep9\cmscnproblems.cpp(245): warning C4018: '>': signed/unsigned mismatch
c:\users\damian\source\projects\tep\labtep9\labtep9\cmscnproblems.cpp(249): warning C4018: '<': signed/unsigned mismatch
c:\users\damian\source\projects\tep\labtep9\labtep9\cmscnproblems.cpp(251): warning C4018: '<': signed/unsigned mismatch
c:\users\damian\source\projects\tep\labtep9\labtep9\cmscnproblems.cpp(266): warning C4018: '<': signed/unsigned mismatch
c:\users\damian\source\projects\tep\labtep9\labtep9\cmscnproblems.cpp(268): warning C4018: '<': signed/unsigned mismatch
c:\users\damian\source\projects\tep\labtep9\labtep9\cmscnproblems.cpp(276): warning C4018: '<': signed/unsigned mismatch
c:\users\damian\source\projects\tep\labtep9\labtep9\cmscnproblems.cpp(278): warning C4018: '<': signed/unsigned mismatch
c:\users\damian\source\projects\tep\labtep9\labtep9\cmscnproblems.cpp(286): warning C4018: '<': signed/unsigned mismatch
c:\users\damian\source\projects\tep\labtep9\labtep9\cmscnproblems.cpp(288): warning C4018: '<': signed/unsigned mismatch
c:\users\damian\source\projects\tep\labtep9\labtep9\cmscnproblems.cpp(304): warning C4018: '<': signed/unsigned mismatch
c:\users\damian\source\projects\tep\labtep9\labtep9\cmscnproblems.cpp(306): warning C4018: '<': signed/unsigned mismatch
c:\users\damian\source\projects\tep\labtep9\labtep9\cmscnproblems.cpp(318): warning C4018: '<': signed/unsigned mismatch
c:\users\damian\source\projects\tep\labtep9\labtep9\cmscnproblems.cpp(320): warning C4018: '<': signed/unsigned mismatch
c:\users\damian\source\projects\tep\labtep9\labtep9\cmscnproblems.cpp(332): warning C4018: '<': signed/unsigned mismatch
c:\users\damian\source\projects\tep\labtep9\labtep9\cmscnproblems.cpp(334): warning C4018: '<': signed/unsigned mismatch
c:\users\damian\source\projects\tep\labtep9\labtep9\cmscnproblems.cpp(351): warning C4018: '>': signed/unsigned mismatch
c:\users\damian\source\projects\tep\labtep9\labtep9\cmscnproblems.cpp(363): warning C4018: '<': signed/unsigned mismatch
c:\users\damian\source\projects\tep\labtep9\labtep9\cmscnproblems.cpp(365): warning C4018: '<': signed/unsigned mismatch
c:\users\damian\source\projects\tep\labtep9\labtep9\cmscnproblems.cpp(373): warning C4018: '<': signed/unsigned mismatch
c:\users\damian\source\projects\tep\labtep9\labtep9\cmscnproblems.cpp(375): warning C4018: '<': signed/unsigned mismatch
c:\users\damian\source\projects\tep\labtep9\labtep9\cmscnproblems.cpp(383): warning C4018: '<': signed/unsigned mismatch
c:\users\damian\source\projects\tep\labtep9\labtep9\cmscnproblems.cpp(385): warning C4018: '<': signed/unsigned mismatch
c:\users\damian\source\projects\tep\labtep9\labtep9\cmscnproblems.cpp(396): warning C4018: '>': signed/unsigned mismatch
c:\users\damian\source\projects\tep\labtep9\labtep9\cmscnproblems.cpp(409): warning C4018: '<': signed/unsigned mismatch
c:\users\damian\source\projects\tep\labtep9\labtep9\cmscnproblems.cpp(412): warning C4018: '<': signed/unsigned mismatch
c:\users\damian\source\projects\tep\labtep9\labtep9\cmscnproblems.cpp(421): warning C4018: '<': signed/unsigned mismatch
c:\users\damian\source\projects\tep\labtep9\labtep9\cmscnproblems.cpp(424): warning C4018: '<': signed/unsigned mismatch
c:\users\damian\source\projects\tep\labtep9\labtep9\cmscnproblems.cpp(433): warning C4018: '<': signed/unsigned mismatch
c:\users\damian\source\projects\tep\labtep9\labtep9\cmscnproblems.cpp(436): warning C4018: '<': signed/unsigned mismatch
c:\users\damian\source\projects\tep\labtep9\labtep9\cmscnproblems.cpp(445): warning C4018: '<': signed/unsigned mismatch
c:\users\damian\source\projects\tep\labtep9\labtep9\cmscnproblems.cpp(448): warning C4018: '<': signed/unsigned mismatch
c:\users\damian\source\projects\tep\labtep9\labtep9\cmscnproblems.cpp(464): warning C4018: '<': signed/unsigned mismatch
c:\users\damian\source\projects\tep\labtep9\labtep9\cmscnproblems.cpp(467): warning C4018: '<': signed/unsigned mismatch
c:\users\damian\source\projects\tep\labtep9\labtep9\cmscnproblems.cpp(476): warning C4018: '<': signed/unsigned mismatch
c:\users\damian\source\projects\tep\labtep9\labtep9\cmscnproblems.cpp(486): warning C4018: '<': signed/unsigned mismatch
c:\users\damian\source\projects\tep\labtep9\labtep9\cmscnproblems.cpp(489): warning C4018: '<': signed/unsigned mismatch
c:\users\damian\source\projects\tep\labtep9\labtep9\cmscnproblems.cpp(497): warning C4018: '<': signed/unsigned mismatch
c:\users\damian\source\projects\tep\labtep9\labtep9\cmscnproblems.cpp(509): warning C4018: '>=': signed/unsigned mismatch
c:\users\damian\source\projects\tep\labtep9\labtep9\cmscnproblems.cpp(514): warning C4018: '>=': signed/unsigned mismatch
c:\users\damian\source\projects\tep\labtep9\labtep9\cmscnproblems.cpp(517): warning C4018: '<': signed/unsigned mismatch
c:\users\damian\source\projects\tep\labtep9\labtep9\cmscnproblems.cpp(519): warning C4018: '<': signed/unsigned mismatch
c:\users\damian\source\projects\tep\labtep9\labtep9\cmscnproblems.cpp(526): warning C4018: '>=': signed/unsigned mismatch
c:\users\damian\source\projects\tep\labtep9\labtep9\cmscnproblems.cpp(529): warning C4018: '<': signed/unsigned mismatch
c:\users\damian\source\projects\tep\labtep9\labtep9\cmscnproblems.cpp(531): warning C4018: '<': signed/unsigned mismatch
c:\users\damian\source\projects\tep\labtep9\labtep9\cmscnproblems.cpp(540): warning C4018: '<': signed/unsigned mismatch
c:\users\damian\source\projects\tep\labtep9\labtep9\cmscnproblems.cpp(542): warning C4018: '<': signed/unsigned mismatch
c:\users\damian\source\projects\tep\labtep9\labtep9\cmscnproblems.cpp(555): warning C4018: '>=': signed/unsigned mismatch
c:\users\damian\source\projects\tep\labtep9\labtep9\cmscnproblems.cpp(560): warning C4018: '>=': signed/unsigned mismatch
c:\users\damian\source\projects\tep\labtep9\labtep9\cmscnproblems.cpp(563): warning C4018: '<': signed/unsigned mismatch
c:\users\damian\source\projects\tep\labtep9\labtep9\cmscnproblems.cpp(565): warning C4018: '<': signed/unsigned mismatch
c:\users\damian\source\projects\tep\labtep9\labtep9\cmscnproblems.cpp(572): warning C4018: '>=': signed/unsigned mismatch
c:\users\damian\source\projects\tep\labtep9\labtep9\cmscnproblems.cpp(575): warning C4018: '<': signed/unsigned mismatch
c:\users\damian\source\projects\tep\labtep9\labtep9\cmscnproblems.cpp(577): warning C4018: '<': signed/unsigned mismatch
c:\users\damian\source\projects\tep\labtep9\labtep9\cmscnproblems.cpp(586): warning C4018: '<': signed/unsigned mismatch
c:\users\damian\source\projects\tep\labtep9\labtep9\cmscnproblems.cpp(588): warning C4018: '<': signed/unsigned mismatch
c:\users\damian\source\projects\tep\labtep9\labtep9\cmscnproblems.cpp(604): warning C4477: 'fscanf' : format string '%s' requires an argument of type 'char *', but variadic argument 1 has type 'std::string *'
c:\users\damian\source\projects\tep\labtep9\labtep9\cmscnproblems.cpp(605): warning C4477: 'fscanf' : format string '%f' requires an argument of type 'float *', but variadic argument 1 has type 'unsigned int *'
c:\users\damian\source\projects\tep\labtep9\labtep9\cmscnproblems.cpp(608): warning C4477: 'fscanf' : format string '%s' requires an argument of type 'char *', but variadic argument 1 has type 'std::string *'
c:\users\damian\source\projects\tep\labtep9\labtep9\cmscnproblems.cpp(609): warning C4477: 'fscanf' : format string '%s' requires an argument of type 'char *', but variadic argument 1 has type 'std::string *'
c:\users\damian\source\projects\tep\labtep9\labtep9\cmscnproblems.cpp(610): warning C4477: 'fscanf' : format string '%f' requires an argument of type 'float *', but variadic argument 1 has type 'unsigned int *'
c:\users\damian\source\projects\tep\labtep9\labtep9\cmscnproblems.cpp(613): warning C4477: 'fscanf' : format string '%s' requires an argument of type 'char *', but variadic argument 1 has type 'std::string *'
c:\users\damian\source\projects\tep\labtep9\labtep9\cmscnproblems.cpp(614): warning C4477: 'fscanf' : format string '%s' requires an argument of type 'char *', but variadic argument 1 has type 'std::string *'
c:\users\damian\source\projects\tep\labtep9\labtep9\cmscnproblems.cpp(615): warning C4477: 'fscanf' : format string '%f' requires an argument of type 'float *', but variadic argument 1 has type 'unsigned int *'
c:\users\damian\source\projects\tep\labtep9\labtep9\cmscnproblems.cpp(618): warning C4477: 'fscanf' : format string '%s' requires an argument of type 'char *', but variadic argument 1 has type 'std::string *'
c:\users\damian\source\projects\tep\labtep9\labtep9\cmscnproblems.cpp(619): warning C4477: 'fscanf' : format string '%f' requires an argument of type 'float *', but variadic argument 1 has type 'unsigned int *'
c:\users\damian\source\projects\tep\labtep9\labtep9\cmscnproblems.cpp(624): warning C4477: 'fscanf' : format string '%s' requires an argument of type 'char *', but variadic argument 1 has type 'std::string *'
c:\users\damian\source\projects\tep\labtep9\labtep9\cmscnproblems.cpp(625): warning C4018: '<': signed/unsigned mismatch
c:\users\damian\source\projects\tep\labtep9\labtep9\cmscnproblems.cpp(627): warning C4477: 'fscanf' : format string '%f' requires an argument of type 'float *', but variadic argument 1 has type 'double *'
  c:\users\damian\source\projects\tep\labtep9\labtep9\cmscnproblems.cpp(627): note: consider using '%lf' in the format string
c:\users\damian\source\projects\tep\labtep9\labtep9\cmscnproblems.cpp(631): warning C4477: 'fscanf' : format string '%s' requires an argument of type 'char *', but variadic argument 1 has type 'std::string *'
c:\users\damian\source\projects\tep\labtep9\labtep9\cmscnproblems.cpp(632): warning C4018: '<': signed/unsigned mismatch
c:\users\damian\source\projects\tep\labtep9\labtep9\cmscnproblems.cpp(634): warning C4477: 'fscanf' : format string '%f' requires an argument of type 'float *', but variadic argument 1 has type 'double *'
  c:\users\damian\source\projects\tep\labtep9\labtep9\cmscnproblems.cpp(634): note: consider using '%lf' in the format string
c:\users\damian\source\projects\tep\labtep9\labtep9\cmscnproblems.cpp(638): warning C4477: 'fscanf' : format string '%s' requires an argument of type 'char *', but variadic argument 1 has type 'std::string *'
c:\users\damian\source\projects\tep\labtep9\labtep9\cmscnproblems.cpp(639): warning C4018: '<': signed/unsigned mismatch
c:\users\damian\source\projects\tep\labtep9\labtep9\cmscnproblems.cpp(641): warning C4477: 'fscanf' : format string '%f' requires an argument of type 'float *', but variadic argument 1 has type 'double *'
  c:\users\damian\source\projects\tep\labtep9\labtep9\cmscnproblems.cpp(641): note: consider using '%lf' in the format string
c:\users\damian\source\projects\tep\labtep9\labtep9\cmscnproblems.cpp(645): warning C4477: 'fscanf' : format string '%s' requires an argument of type 'char *', but variadic argument 1 has type 'std::string *'
c:\users\damian\source\projects\tep\labtep9\labtep9\cmscnproblems.cpp(646): warning C4018: '<': signed/unsigned mismatch
c:\users\damian\source\projects\tep\labtep9\labtep9\cmscnproblems.cpp(648): warning C4477: 'fscanf' : format string '%f' requires an argument of type 'float *', but variadic argument 1 has type 'double *'
  c:\users\damian\source\projects\tep\labtep9\labtep9\cmscnproblems.cpp(648): note: consider using '%lf' in the format string
c:\users\damian\source\projects\tep\labtep9\labtep9\cmscnproblems.cpp(652): warning C4477: 'fscanf' : format string '%s' requires an argument of type 'char *', but variadic argument 1 has type 'std::string *'
c:\users\damian\source\projects\tep\labtep9\labtep9\cmscnproblems.cpp(653): warning C4018: '<': signed/unsigned mismatch
c:\users\damian\source\projects\tep\labtep9\labtep9\cmscnproblems.cpp(655): warning C4018: '<': signed/unsigned mismatch
c:\users\damian\source\projects\tep\labtep9\labtep9\cmscnproblems.cpp(657): warning C4477: 'fscanf' : format string '%f' requires an argument of type 'float *', but variadic argument 1 has type 'double *'
  c:\users\damian\source\projects\tep\labtep9\labtep9\cmscnproblems.cpp(657): note: consider using '%lf' in the format string
c:\users\damian\source\projects\tep\labtep9\labtep9\cmscnproblems.cpp(663): warning C4477: 'fscanf' : format string '%s' requires an argument of type 'char *', but variadic argument 1 has type 'std::string *'
c:\users\damian\source\projects\tep\labtep9\labtep9\cmscnproblems.cpp(664): warning C4018: '<': signed/unsigned mismatch
c:\users\damian\source\projects\tep\labtep9\labtep9\cmscnproblems.cpp(666): warning C4018: '<': signed/unsigned mismatch
c:\users\damian\source\projects\tep\labtep9\labtep9\cmscnproblems.cpp(668): warning C4477: 'fscanf' : format string '%f' requires an argument of type 'float *', but variadic argument 1 has type 'double *'
  c:\users\damian\source\projects\tep\labtep9\labtep9\cmscnproblems.cpp(668): note: consider using '%lf' in the format string
c:\users\damian\source\projects\tep\labtep9\labtep9\cmscnproblems.cpp(674): warning C4477: 'fscanf' : format string '%s' requires an argument of type 'char *', but variadic argument 1 has type 'std::string *'
c:\users\damian\source\projects\tep\labtep9\labtep9\cmscnproblems.cpp(675): warning C4018: '<': signed/unsigned mismatch
c:\users\damian\source\projects\tep\labtep9\labtep9\cmscnproblems.cpp(677): warning C4018: '<': signed/unsigned mismatch
c:\users\damian\source\projects\tep\labtep9\labtep9\cmscnproblems.cpp(679): warning C4477: 'fscanf' : format string '%f' requires an argument of type 'float *', but variadic argument 1 has type 'double *'
  c:\users\damian\source\projects\tep\labtep9\labtep9\cmscnproblems.cpp(679): note: consider using '%lf' in the format string
c:\users\damian\source\projects\tep\labtep9\labtep9\cmscnproblems.cpp(685): warning C4477: 'fscanf' : format string '%s' requires an argument of type 'char *', but variadic argument 1 has type 'std::string *'
c:\users\damian\source\projects\tep\labtep9\labtep9\cmscnproblems.cpp(686): warning C4018: '<': signed/unsigned mismatch
c:\users\damian\source\projects\tep\labtep9\labtep9\cmscnproblems.cpp(688): warning C4477: 'fscanf' : format string '%f' requires an argument of type 'float *', but variadic argument 1 has type 'double *'
  c:\users\damian\source\projects\tep\labtep9\labtep9\cmscnproblems.cpp(688): note: consider using '%lf' in the format string
c:\users\damian\source\projects\tep\labtep9\labtep9\cmscnproblems.cpp(692): warning C4477: 'fscanf' : format string '%s' requires an argument of type 'char *', but variadic argument 1 has type 'std::string *'
c:\users\damian\source\projects\tep\labtep9\labtep9\cmscnproblems.cpp(693): warning C4018: '<': signed/unsigned mismatch
c:\users\damian\source\projects\tep\labtep9\labtep9\cmscnproblems.cpp(695): warning C4477: 'fscanf' : format string '%f' requires an argument of type 'float *', but variadic argument 1 has type 'double *'
  c:\users\damian\source\projects\tep\labtep9\labtep9\cmscnproblems.cpp(695): note: consider using '%lf' in the format string
c:\users\damian\source\projects\tep\labtep9\labtep9\cmscnproblems.cpp(699): warning C4477: 'fscanf' : format string '%s' requires an argument of type 'char *', but variadic argument 1 has type 'std::string *'
c:\users\damian\source\projects\tep\labtep9\labtep9\cmscnproblems.cpp(700): warning C4018: '<': signed/unsigned mismatch
c:\users\damian\source\projects\tep\labtep9\labtep9\cmscnproblems.cpp(702): warning C4477: 'fscanf' : format string '%f' requires an argument of type 'float *', but variadic argument 1 has type 'double *'
  c:\users\damian\source\projects\tep\labtep9\labtep9\cmscnproblems.cpp(702): note: consider using '%lf' in the format string
c:\users\damian\source\projects\tep\labtep9\labtep9\cmscnproblems.cpp(706): warning C4477: 'fscanf' : format string '%s' requires an argument of type 'char *', but variadic argument 1 has type 'std::string *'
c:\users\damian\source\projects\tep\labtep9\labtep9\cmscnproblems.cpp(707): warning C4018: '<': signed/unsigned mismatch
c:\users\damian\source\projects\tep\labtep9\labtep9\cmscnproblems.cpp(709): warning C4477: 'fscanf' : format string '%f' requires an argument of type 'float *', but variadic argument 1 has type 'double *'
  c:\users\damian\source\projects\tep\labtep9\labtep9\cmscnproblems.cpp(709): note: consider using '%lf' in the format string
c:\users\damian\source\projects\tep\labtep9\labtep9\cmscnproblems.cpp(713): warning C4477: 'fscanf' : format string '%s' requires an argument of type 'char *', but variadic argument 1 has type 'std::string *'
c:\users\damian\source\projects\tep\labtep9\labtep9\cmscnproblems.cpp(714): warning C4018: '<': signed/unsigned mismatch
c:\users\damian\source\projects\tep\labtep9\labtep9\cmscnproblems.cpp(716): warning C4018: '<': signed/unsigned mismatch
c:\users\damian\source\projects\tep\labtep9\labtep9\cmscnproblems.cpp(718): warning C4477: 'fscanf' : format string '%f' requires an argument of type 'float *', but variadic argument 1 has type 'double *'
  c:\users\damian\source\projects\tep\labtep9\labtep9\cmscnproblems.cpp(718): note: consider using '%lf' in the format string
c:\users\damian\source\projects\tep\labtep9\labtep9\cmscnproblems.cpp(721): warning C4477: 'fscanf' : format string '%f' requires an argument of type 'float *', but variadic argument 1 has type 'double *'
  c:\users\damian\source\projects\tep\labtep9\labtep9\cmscnproblems.cpp(721): note: consider using '%lf' in the format string
c:\users\damian\source\projects\tep\labtep9\labtep9\cmscnproblems.cpp(727): warning C4477: 'fscanf' : format string '%s' requires an argument of type 'char *', but variadic argument 1 has type 'std::string *'
c:\users\damian\source\projects\tep\labtep9\labtep9\cmscnproblems.cpp(728): warning C4018: '<': signed/unsigned mismatch
c:\users\damian\source\projects\tep\labtep9\labtep9\cmscnproblems.cpp(730): warning C4018: '<': signed/unsigned mismatch
c:\users\damian\source\projects\tep\labtep9\labtep9\cmscnproblems.cpp(732): warning C4477: 'fscanf' : format string '%f' requires an argument of type 'float *', but variadic argument 1 has type 'double *'
  c:\users\damian\source\projects\tep\labtep9\labtep9\cmscnproblems.cpp(732): note: consider using '%lf' in the format string
c:\users\damian\source\projects\tep\labtep9\labtep9\cmscnproblems.cpp(735): warning C4477: 'fscanf' : format string '%f' requires an argument of type 'float *', but variadic argument 1 has type 'double *'
  c:\users\damian\source\projects\tep\labtep9\labtep9\cmscnproblems.cpp(735): note: consider using '%lf' in the format string
c:\users\damian\source\projects\tep\labtep9\labtep9\cmscnproblems.cpp(741): warning C4477: 'fscanf' : format string '%s' requires an argument of type 'char *', but variadic argument 1 has type 'std::string *'
c:\users\damian\source\projects\tep\labtep9\labtep9\cmscnproblems.cpp(742): warning C4018: '<': signed/unsigned mismatch
c:\users\damian\source\projects\tep\labtep9\labtep9\cmscnproblems.cpp(744): warning C4018: '<': signed/unsigned mismatch
c:\users\damian\source\projects\tep\labtep9\labtep9\cmscnproblems.cpp(746): warning C4477: 'fscanf' : format string '%f' requires an argument of type 'float *', but variadic argument 1 has type 'double *'
  c:\users\damian\source\projects\tep\labtep9\labtep9\cmscnproblems.cpp(746): note: consider using '%lf' in the format string
c:\users\damian\source\projects\tep\labtep9\labtep9\cmscnproblems.cpp(749): warning C4477: 'fscanf' : format string '%f' requires an argument of type 'float *', but variadic argument 1 has type 'double *'
  c:\users\damian\source\projects\tep\labtep9\labtep9\cmscnproblems.cpp(749): note: consider using '%lf' in the format string
c:\users\damian\source\projects\tep\labtep9\labtep9\cmscnproblems.cpp(773): warning C4018: '<': signed/unsigned mismatch
c:\users\damian\source\projects\tep\labtep9\labtep9\cmscnproblems.cpp(779): warning C4018: '<': signed/unsigned mismatch
c:\users\damian\source\projects\tep\labtep9\labtep9\cmscnproblems.cpp(785): warning C4018: '<': signed/unsigned mismatch
c:\users\damian\source\projects\tep\labtep9\labtep9\cmscnproblems.cpp(792): warning C4018: '<': signed/unsigned mismatch
c:\users\damian\source\projects\tep\labtep9\labtep9\cmscnproblems.cpp(794): warning C4018: '<': signed/unsigned mismatch
c:\users\damian\source\projects\tep\labtep9\labtep9\cmscnproblems.cpp(802): warning C4018: '<': signed/unsigned mismatch
c:\users\damian\source\projects\tep\labtep9\labtep9\cmscnproblems.cpp(804): warning C4018: '<': signed/unsigned mismatch
c:\users\damian\source\projects\tep\labtep9\labtep9\cmscnproblems.cpp(812): warning C4018: '<': signed/unsigned mismatch
c:\users\damian\source\projects\tep\labtep9\labtep9\cmscnproblems.cpp(814): warning C4018: '<': signed/unsigned mismatch
c:\users\damian\source\projects\tep\labtep9\labtep9\cmscnproblems.cpp(822): warning C4018: '<': signed/unsigned mismatch
c:\users\damian\source\projects\tep\labtep9\labtep9\cmscnproblems.cpp(828): warning C4018: '<': signed/unsigned mismatch
c:\users\damian\source\projects\tep\labtep9\labtep9\cmscnproblems.cpp(834): warning C4018: '<': signed/unsigned mismatch
c:\users\damian\source\projects\tep\labtep9\labtep9\cmscnproblems.cpp(840): warning C4018: '<': signed/unsigned mismatch
c:\users\damian\source\projects\tep\labtep9\labtep9\cmscnproblems.cpp(846): warning C4018: '<': signed/unsigned mismatch
c:\users\damian\source\projects\tep\labtep9\labtep9\cmscnproblems.cpp(848): warning C4018: '<': signed/unsigned mismatch
c:\users\damian\source\projects\tep\labtep9\labtep9\cmscnproblems.cpp(857): warning C4018: '<': signed/unsigned mismatch
c:\users\damian\source\projects\tep\labtep9\labtep9\cmscnproblems.cpp(859): warning C4018: '<': signed/unsigned mismatch
c:\users\damian\source\projects\tep\labtep9\labtep9\cmscnproblems.cpp(868): warning C4018: '<': signed/unsigned mismatch
c:\users\damian\source\projects\tep\labtep9\labtep9\cmscnproblems.cpp(870): warning C4018: '<': signed/unsigned mismatch
  LabTEP9.vcxproj -> C:\Users\Damian\source\projects\TEP\LabTEP9\Debug\LabTEP9.exe
