  CDiffEvol.cpp
c:\users\legion\source\tep\labtep11\labtep11\cmatrix.h(36): warning C4018: '<': signed/unsigned mismatch
c:\users\legion\source\tep\labtep11\labtep11\cmatrix.h(38): warning C4018: '<': signed/unsigned mismatch
c:\users\legion\source\tep\labtep11\labtep11\cdiffevol.h(18): warning C4018: '<': signed/unsigned mismatch
c:\users\legion\source\tep\labtep11\labtep11\cdiffevol.cpp(12): warning C4018: '<': signed/unsigned mismatch
c:\users\legion\source\tep\labtep11\labtep11\cdiffevol.cpp(94): warning C4018: '<': signed/unsigned mismatch
c:\users\legion\source\tep\labtep11\labtep11\cdiffevol.cpp(104): warning C4018: '<': signed/unsigned mismatch
c:\users\legion\source\tep\labtep11\labtep11\cdiffevol.cpp(166): warning C4018: '<': signed/unsigned mismatch
  CMscnProblem.cpp
c:\users\legion\source\tep\labtep11\labtep11\cmatrix.h(36): warning C4018: '<': signed/unsigned mismatch
c:\users\legion\source\tep\labtep11\labtep11\cmatrix.h(38): warning C4018: '<': signed/unsigned mismatch
c:\users\legion\source\tep\labtep11\labtep11\cmscnproblem.cpp(133): warning C4018: '<': signed/unsigned mismatch
c:\users\legion\source\tep\labtep11\labtep11\cmscnproblem.cpp(135): warning C4018: '<': signed/unsigned mismatch
c:\users\legion\source\tep\labtep11\labtep11\cmscnproblem.cpp(141): warning C4018: '<': signed/unsigned mismatch
c:\users\legion\source\tep\labtep11\labtep11\cmscnproblem.cpp(143): warning C4018: '<': signed/unsigned mismatch
c:\users\legion\source\tep\labtep11\labtep11\cmscnproblem.cpp(149): warning C4018: '<': signed/unsigned mismatch
c:\users\legion\source\tep\labtep11\labtep11\cmscnproblem.cpp(151): warning C4018: '<': signed/unsigned mismatch
c:\users\legion\source\tep\labtep11\labtep11\cmscnproblem.cpp(246): warning C4018: '<': signed/unsigned mismatch
c:\users\legion\source\tep\labtep11\labtep11\cmscnproblem.cpp(248): warning C4018: '<': signed/unsigned mismatch
c:\users\legion\source\tep\labtep11\labtep11\cmscnproblem.cpp(269): warning C4018: '<': signed/unsigned mismatch
c:\users\legion\source\tep\labtep11\labtep11\cmscnproblem.cpp(271): warning C4018: '<': signed/unsigned mismatch
c:\users\legion\source\tep\labtep11\labtep11\cmscnproblem.cpp(281): warning C4018: '<': signed/unsigned mismatch
c:\users\legion\source\tep\labtep11\labtep11\cmscnproblem.cpp(283): warning C4018: '<': signed/unsigned mismatch
c:\users\legion\source\tep\labtep11\labtep11\cmscnproblem.cpp(293): warning C4018: '<': signed/unsigned mismatch
c:\users\legion\source\tep\labtep11\labtep11\cmscnproblem.cpp(295): warning C4018: '<': signed/unsigned mismatch
c:\users\legion\source\tep\labtep11\labtep11\cmscnproblem.cpp(318): warning C4018: '<': signed/unsigned mismatch
c:\users\legion\source\tep\labtep11\labtep11\cmscnproblem.cpp(320): warning C4018: '<': signed/unsigned mismatch
c:\users\legion\source\tep\labtep11\labtep11\cmscnproblem.cpp(326): warning C4018: '<': signed/unsigned mismatch
c:\users\legion\source\tep\labtep11\labtep11\cmscnproblem.cpp(328): warning C4018: '<': signed/unsigned mismatch
c:\users\legion\source\tep\labtep11\labtep11\cmscnproblem.cpp(334): warning C4018: '<': signed/unsigned mismatch
c:\users\legion\source\tep\labtep11\labtep11\cmscnproblem.cpp(336): warning C4018: '<': signed/unsigned mismatch
c:\users\legion\source\tep\labtep11\labtep11\cmscnproblem.cpp(347): warning C4018: '<': signed/unsigned mismatch
c:\users\legion\source\tep\labtep11\labtep11\cmscnproblem.cpp(357): warning C4018: '<': signed/unsigned mismatch
c:\users\legion\source\tep\labtep11\labtep11\cmscnproblem.cpp(363): warning C4018: '<': signed/unsigned mismatch
c:\users\legion\source\tep\labtep11\labtep11\cmscnproblem.cpp(369): warning C4018: '<': signed/unsigned mismatch
c:\users\legion\source\tep\labtep11\labtep11\cmscnproblem.cpp(376): warning C4018: '<': signed/unsigned mismatch
c:\users\legion\source\tep\labtep11\labtep11\cmscnproblem.cpp(390): warning C4018: '<': signed/unsigned mismatch
c:\users\legion\source\tep\labtep11\labtep11\cmscnproblem.cpp(398): warning C4018: '<': signed/unsigned mismatch
c:\users\legion\source\tep\labtep11\labtep11\cmscnproblem.cpp(412): warning C4018: '<': signed/unsigned mismatch
c:\users\legion\source\tep\labtep11\labtep11\cmscnproblem.cpp(422): warning C4018: '<': signed/unsigned mismatch
c:\users\legion\source\tep\labtep11\labtep11\cmscnproblem.cpp(432): warning C4018: '<': signed/unsigned mismatch
c:\users\legion\source\tep\labtep11\labtep11\cmscnproblem.cpp(448): warning C4018: '<': signed/unsigned mismatch
c:\users\legion\source\tep\labtep11\labtep11\cmscnproblem.cpp(458): warning C4018: '<': signed/unsigned mismatch
c:\users\legion\source\tep\labtep11\labtep11\cmscnproblem.cpp(468): warning C4018: '<': signed/unsigned mismatch
c:\users\legion\source\tep\labtep11\labtep11\cmscnproblem.cpp(493): warning C4018: '<': signed/unsigned mismatch
c:\users\legion\source\tep\labtep11\labtep11\cmscnproblem.cpp(537): warning C4018: '<': signed/unsigned mismatch
c:\users\legion\source\tep\labtep11\labtep11\cmscnproblem.cpp(544): warning C4018: '<': signed/unsigned mismatch
c:\users\legion\source\tep\labtep11\labtep11\cmscnproblem.cpp(551): warning C4018: '<': signed/unsigned mismatch
c:\users\legion\source\tep\labtep11\labtep11\cmscnproblem.cpp(558): warning C4018: '<': signed/unsigned mismatch
c:\users\legion\source\tep\labtep11\labtep11\cmscnproblem.cpp(572): warning C4018: '<': signed/unsigned mismatch
c:\users\legion\source\tep\labtep11\labtep11\cmscnproblem.cpp(574): warning C4018: '<': signed/unsigned mismatch
c:\users\legion\source\tep\labtep11\labtep11\cmscnproblem.cpp(582): warning C4018: '<': signed/unsigned mismatch
c:\users\legion\source\tep\labtep11\labtep11\cmscnproblem.cpp(584): warning C4018: '<': signed/unsigned mismatch
c:\users\legion\source\tep\labtep11\labtep11\cmscnproblem.cpp(592): warning C4018: '<': signed/unsigned mismatch
c:\users\legion\source\tep\labtep11\labtep11\cmscnproblem.cpp(594): warning C4018: '<': signed/unsigned mismatch
c:\users\legion\source\tep\labtep11\labtep11\cmscnproblem.cpp(609): warning C4018: '<': signed/unsigned mismatch
c:\users\legion\source\tep\labtep11\labtep11\cmscnproblem.cpp(616): warning C4018: '<': signed/unsigned mismatch
c:\users\legion\source\tep\labtep11\labtep11\cmscnproblem.cpp(623): warning C4018: '<': signed/unsigned mismatch
c:\users\legion\source\tep\labtep11\labtep11\cmscnproblem.cpp(638): warning C4018: '<': signed/unsigned mismatch
c:\users\legion\source\tep\labtep11\labtep11\cmscnproblem.cpp(640): warning C4018: '<': signed/unsigned mismatch
c:\users\legion\source\tep\labtep11\labtep11\cmscnproblem.cpp(651): warning C4018: '<': signed/unsigned mismatch
c:\users\legion\source\tep\labtep11\labtep11\cmscnproblem.cpp(653): warning C4018: '<': signed/unsigned mismatch
c:\users\legion\source\tep\labtep11\labtep11\cmscnproblem.cpp(664): warning C4018: '<': signed/unsigned mismatch
c:\users\legion\source\tep\labtep11\labtep11\cmscnproblem.cpp(666): warning C4018: '<': signed/unsigned mismatch
c:\users\legion\source\tep\labtep11\labtep11\cmscnproblem.cpp(691): warning C4018: '<': signed/unsigned mismatch
c:\users\legion\source\tep\labtep11\labtep11\cmscnproblem.cpp(718): warning C4018: '<': signed/unsigned mismatch
c:\users\legion\source\tep\labtep11\labtep11\cmscnproblem.cpp(724): warning C4018: '<': signed/unsigned mismatch
c:\users\legion\source\tep\labtep11\labtep11\cmscnproblem.cpp(730): warning C4018: '<': signed/unsigned mismatch
c:\users\legion\source\tep\labtep11\labtep11\cmscnproblem.cpp(736): warning C4018: '<': signed/unsigned mismatch
c:\users\legion\source\tep\labtep11\labtep11\cmscnproblem.cpp(763): warning C4018: '<': signed/unsigned mismatch
c:\users\legion\source\tep\labtep11\labtep11\cmscnproblem.cpp(769): warning C4018: '<': signed/unsigned mismatch
c:\users\legion\source\tep\labtep11\labtep11\cmscnproblem.cpp(775): warning C4018: '<': signed/unsigned mismatch
c:\users\legion\source\tep\labtep11\labtep11\cmscnproblem.cpp(786): warning C4018: '<': signed/unsigned mismatch
c:\users\legion\source\tep\labtep11\labtep11\cmscnproblem.cpp(788): warning C4018: '<': signed/unsigned mismatch
c:\users\legion\source\tep\labtep11\labtep11\cmscnproblem.cpp(797): warning C4018: '<': signed/unsigned mismatch
c:\users\legion\source\tep\labtep11\labtep11\cmscnproblem.cpp(799): warning C4018: '<': signed/unsigned mismatch
c:\users\legion\source\tep\labtep11\labtep11\cmscnproblem.cpp(808): warning C4018: '<': signed/unsigned mismatch
c:\users\legion\source\tep\labtep11\labtep11\cmscnproblem.cpp(810): warning C4018: '<': signed/unsigned mismatch
c:\users\legion\source\tep\labtep11\labtep11\cmscnproblem.cpp(823): warning C4018: '<': signed/unsigned mismatch
c:\users\legion\source\tep\labtep11\labtep11\cmscnproblem.cpp(825): warning C4018: '<': signed/unsigned mismatch
  CRandomSearch.cpp
c:\users\legion\source\tep\labtep11\labtep11\cmatrix.h(36): warning C4018: '<': signed/unsigned mismatch
c:\users\legion\source\tep\labtep11\labtep11\cmatrix.h(38): warning C4018: '<': signed/unsigned mismatch
c:\users\legion\source\tep\labtep11\labtep11\crandomsearch.cpp(65): warning C4018: '<': signed/unsigned mismatch
  LabTEP9.cpp
c:\users\legion\source\tep\labtep11\labtep11\cmatrix.h(36): warning C4018: '<': signed/unsigned mismatch
c:\users\legion\source\tep\labtep11\labtep11\cmatrix.h(38): warning C4018: '<': signed/unsigned mismatch
c:\users\legion\source\tep\labtep11\labtep11\cdiffevol.h(18): warning C4018: '<': signed/unsigned mismatch
  Generating Code...
  LabTep11.vcxproj -> C:\Users\Legion\source\TEP\LabTep11\Debug\LabTep11.exe
